
(thunar:7647): GLib-GIO-CRITICAL **: 19:03:33.956: GFileInfo created without standard::size

(thunar:7647): GLib-GIO-CRITICAL **: 19:03:33.956: file ../../../gio/gfileinfo.c: line 1845 (g_file_info_get_size): should not be reached
Warning: failed to launch javaldx - java may not function correctly
Warning: failed to launch javaldx - java may not function correctly
Warning: failed to launch javaldx - java may not function correctly
Warning: failed to launch javaldx - java may not function correctly
Warning: failed to launch javaldx - java may not function correctly
Warning: failed to launch javaldx - java may not function correctly
Warning: failed to launch javaldx - java may not function correctly
Warning: failed to launch javaldx - java may not function correctly

(thunar:7647): GLib-GIO-CRITICAL **: 21:59:10.238: GFileInfo created without standard::size

(thunar:7647): GLib-GIO-CRITICAL **: 21:59:10.238: file ../../../gio/gfileinfo.c: line 1845 (g_file_info_get_size): should not be reached

(thunar:7647): GLib-GIO-CRITICAL **: 22:29:05.522: GFileInfo created without standard::size

(thunar:7647): GLib-GIO-CRITICAL **: 22:29:05.522: file ../../../gio/gfileinfo.c: line 1845 (g_file_info_get_size): should not be reached

(thunar:7647): GLib-GIO-CRITICAL **: 22:30:04.743: GFileInfo created without standard::size

(thunar:7647): GLib-GIO-CRITICAL **: 22:30:04.743: file ../../../gio/gfileinfo.c: line 1845 (g_file_info_get_size): should not be reached

(thunar:7647): GLib-GIO-CRITICAL **: 22:30:13.949: GFileInfo created without standard::size

(thunar:7647): GLib-GIO-CRITICAL **: 22:30:13.949: file ../../../gio/gfileinfo.c: line 1845 (g_file_info_get_size): should not be reached
ThunarThumbnailCache: failed to call Copy(): Se alcanzó el tiempo de expiración
ThunarThumbnailCache: failed to call Copy(): Se alcanzó el tiempo de expiración
ThunarThumbnailCache: failed to call Copy(): Se alcanzó el tiempo de expiración
ThunarThumbnailCache: failed to call Move(): Se alcanzó el tiempo de expiración
ThunarThumbnailCache: failed to call Copy(): Se alcanzó el tiempo de expiración
ThunarThumbnailCache: failed to call Copy(): Se alcanzó el tiempo de expiración
ThunarThumbnailCache: failed to call Copy(): Se alcanzó el tiempo de expiración
ThunarThumbnailCache: failed to call Copy(): Se alcanzó el tiempo de expiración

(thunar:7647): GLib-GIO-CRITICAL **: 22:33:29.276: GFileInfo created without standard::size

(thunar:7647): GLib-GIO-CRITICAL **: 22:33:29.276: file ../../../gio/gfileinfo.c: line 1845 (g_file_info_get_size): should not be reached

(thunar:7647): GLib-GIO-CRITICAL **: 22:33:29.306: GFileInfo created without standard::size

(thunar:7647): GLib-GIO-CRITICAL **: 22:33:29.306: file ../../../gio/gfileinfo.c: line 1845 (g_file_info_get_size): should not be reached

(thunar:7647): GLib-GIO-CRITICAL **: 22:33:30.760: GFileInfo created without standard::size

(thunar:7647): GLib-GIO-CRITICAL **: 22:33:30.760: file ../../../gio/gfileinfo.c: line 1845 (g_file_info_get_size): should not be reached

(thunar:7647): GLib-GIO-CRITICAL **: 22:33:30.814: GFileInfo created without standard::size

(thunar:7647): GLib-GIO-CRITICAL **: 22:33:30.814: file ../../../gio/gfileinfo.c: line 1845 (g_file_info_get_size): should not be reached

(thunar:7647): GLib-GIO-CRITICAL **: 22:40:07.160: GFileInfo created without standard::size

(thunar:7647): GLib-GIO-CRITICAL **: 22:40:07.160: file ../../../gio/gfileinfo.c: line 1845 (g_file_info_get_size): should not be reached

(thunar:15627): GLib-GIO-CRITICAL **: 12:50:37.786: GFileInfo created without standard::size

(thunar:15627): GLib-GIO-CRITICAL **: 12:50:37.837: file ../../../gio/gfileinfo.c: line 1845 (g_file_info_get_size): should not be reached
Warning: failed to launch javaldx - java may not function correctly
Warning: failed to launch javaldx - java may not function correctly
Warning: failed to launch javaldx - java may not function correctly
Warning: failed to launch javaldx - java may not function correctly

(thunar:15627): GLib-GIO-CRITICAL **: 13:53:24.823: GFileInfo created without standard::size

(thunar:15627): GLib-GIO-CRITICAL **: 13:53:24.823: file ../../../gio/gfileinfo.c: line 1845 (g_file_info_get_size): should not be reached

(thunar:15627): GLib-GIO-CRITICAL **: 13:53:25.977: GFileInfo created without standard::size

(thunar:15627): GLib-GIO-CRITICAL **: 13:53:25.977: file ../../../gio/gfileinfo.c: line 1845 (g_file_info_get_size): should not be reached
ThunarThumbnailCache: failed to call Copy(): Se alcanzó el tiempo de expiración

(thunar:15627): GLib-GIO-CRITICAL **: 13:54:29.760: GFileInfo created without standard::size

(thunar:15627): GLib-GIO-CRITICAL **: 13:54:29.760: file ../../../gio/gfileinfo.c: line 1845 (g_file_info_get_size): should not be reached
ThunarThumbnailCache: failed to call Copy(): Se alcanzó el tiempo de expiración
ThunarThumbnailCache: failed to call Move(): Se alcanzó el tiempo de expiración
ThunarThumbnailCache: failed to call Copy(): Se alcanzó el tiempo de expiración
ThunarThumbnailCache: failed to call Copy(): Se alcanzó el tiempo de expiración
ThunarThumbnailCache: failed to call Move(): Se alcanzó el tiempo de expiración
ThunarThumbnailCache: failed to call Copy(): Se alcanzó el tiempo de expiración
Warning: failed to launch javaldx - java may not function correctly
Warning: failed to launch javaldx - java may not function correctly
Warning: failed to launch javaldx - java may not function correctly
Warning: failed to launch javaldx - java may not function correctly

(thunar:15627): GLib-GIO-CRITICAL **: 14:22:34.171: GFileInfo created without standard::size

(thunar:15627): GLib-GIO-CRITICAL **: 14:22:34.171: file ../../../gio/gfileinfo.c: line 1845 (g_file_info_get_size): should not be reached
Warning: failed to launch javaldx - java may not function correctly
Warning: failed to launch javaldx - java may not function correctly
Warning: failed to launch javaldx - java may not function correctly
Warning: failed to launch javaldx - java may not function correctly
Warning: failed to launch javaldx - java may not function correctly
Warning: failed to launch javaldx - java may not function correctly
Warning: failed to launch javaldx - java may not function correctly

(thunar:15627): GLib-GIO-CRITICAL **: 16:02:19.892: GFileInfo created without standard::size

(thunar:15627): GLib-GIO-CRITICAL **: 16:02:19.892: file ../../../gio/gfileinfo.c: line 1845 (g_file_info_get_size): should not be reached
Warning: failed to launch javaldx - java may not function correctly

(xfce4-terminal:146277): xfce4-terminal-WARNING **: 17:00:40.569: Failed to connect to session manager: No ha podido conectar con el gestor de sesiones: SESSION_MANAGER environment variable not defined

(thunar:15627): GLib-GIO-CRITICAL **: 17:01:34.966: GFileInfo created without standard::size

(thunar:15627): GLib-GIO-CRITICAL **: 17:01:34.966: file ../../../gio/gfileinfo.c: line 1845 (g_file_info_get_size): should not be reached
ThunarThumbnailCache: failed to call Copy(): Se alcanzó el tiempo de expiración
ThunarThumbnailCache: failed to call Move(): Se alcanzó el tiempo de expiración
ThunarThumbnailCache: failed to call Copy(): Se alcanzó el tiempo de expiración
ThunarThumbnailCache: failed to call Copy(): Se alcanzó el tiempo de expiración
ThunarThumbnailCache: failed to call Copy(): Se alcanzó el tiempo de expiración
Warning: failed to launch javaldx - java may not function correctly

(thunar:15627): GLib-GIO-CRITICAL **: 19:27:10.129: GFileInfo created without standard::size

(thunar:15627): GLib-GIO-CRITICAL **: 19:27:10.129: file ../../../gio/gfileinfo.c: line 1845 (g_file_info_get_size): should not be reached
Warning: failed to launch javaldx - java may not function correctly

(thunar:15627): GLib-GIO-CRITICAL **: 20:03:39.871: GFileInfo created without standard::size

(thunar:15627): GLib-GIO-CRITICAL **: 20:03:39.916: file ../../../gio/gfileinfo.c: line 1845 (g_file_info_get_size): should not be reached

(thunar:15627): GLib-GIO-CRITICAL **: 20:04:51.999: GFileInfo created without standard::size

(thunar:15627): GLib-GIO-CRITICAL **: 20:04:51.999: file ../../../gio/gfileinfo.c: line 1845 (g_file_info_get_size): should not be reached
ThunarThumbnailCache: failed to call Copy(): Se alcanzó el tiempo de expiración
ThunarThumbnailCache: failed to call Copy(): Se alcanzó el tiempo de expiración
ThunarThumbnailCache: failed to call Move(): Se alcanzó el tiempo de expiración
ThunarThumbnailCache: failed to call Copy(): Se alcanzó el tiempo de expiración
ThunarThumbnailCache: failed to call Copy(): Se alcanzó el tiempo de expiración
ThunarThumbnailCache: failed to call Move(): Se alcanzó el tiempo de expiración
ThunarThumbnailCache: failed to call Copy(): Se alcanzó el tiempo de expiración

(thunar:22817): GLib-GIO-CRITICAL **: 21:04:36.596: GFileInfo created without standard::size

(thunar:22817): GLib-GIO-CRITICAL **: 21:04:36.649: file ../../../gio/gfileinfo.c: line 1845 (g_file_info_get_size): should not be reached

(thunar:226015): GLib-GIO-CRITICAL **: 15:06:20.403: GFileInfo created without standard::size

(thunar:226015): GLib-GIO-CRITICAL **: 15:06:20.436: file ../../../gio/gfileinfo.c: line 1845 (g_file_info_get_size): should not be reached

(thunar:226015): GLib-GIO-CRITICAL **: 15:10:48.371: GFileInfo created without standard::size

(thunar:226015): GLib-GIO-CRITICAL **: 15:10:48.371: file ../../../gio/gfileinfo.c: line 1845 (g_file_info_get_size): should not be reached
Warning: failed to launch javaldx - java may not function correctly

(thunar:226015): GLib-GIO-CRITICAL **: 15:34:26.005: GFileInfo created without standard::size

(thunar:226015): GLib-GIO-CRITICAL **: 15:34:26.005: file ../../../gio/gfileinfo.c: line 1845 (g_file_info_get_size): should not be reached
Warning: failed to launch javaldx - java may not function correctly
Warning: failed to launch javaldx - java may not function correctly
Warning: failed to launch javaldx - java may not function correctly
Warning: failed to launch javaldx - java may not function correctly
Warning: failed to launch javaldx - java may not function correctly
Warning: failed to launch javaldx - java may not function correctly

(thunar:226015): GLib-GIO-CRITICAL **: 16:00:38.548: GFileInfo created without standard::size

(thunar:226015): GLib-GIO-CRITICAL **: 16:00:38.549: file ../../../gio/gfileinfo.c: line 1845 (g_file_info_get_size): should not be reached
Warning: failed to launch javaldx - java may not function correctly
Warning: failed to launch javaldx - java may not function correctly
Warning: failed to launch javaldx - java may not function correctly

(thunar:12730): GLib-GIO-CRITICAL **: 09:13:44.174: GFileInfo created without standard::size

(thunar:12730): GLib-GIO-CRITICAL **: 09:13:44.192: file ../../../gio/gfileinfo.c: line 1845 (g_file_info_get_size): should not be reached
ThunarThumbnailCache: failed to call Move(): Se alcanzó el tiempo de expiración
ThunarThumbnailCache: failed to call Move(): Se alcanzó el tiempo de expiración

(thunar:12730): GLib-GIO-CRITICAL **: 09:19:37.107: GFileInfo created without standard::size

(thunar:12730): GLib-GIO-CRITICAL **: 09:19:37.107: file ../../../gio/gfileinfo.c: line 1845 (g_file_info_get_size): should not be reached
ThunarThumbnailCache: failed to call Move(): Se alcanzó el tiempo de expiración
ThunarThumbnailCache: failed to call Copy(): Se alcanzó el tiempo de expiración
ThunarThumbnailCache: failed to call Copy(): Se alcanzó el tiempo de expiración
ThunarThumbnailCache: failed to call Copy(): Se alcanzó el tiempo de expiración
ThunarThumbnailCache: failed to call Copy(): Se alcanzó el tiempo de expiración

(thunar:12730): GLib-GIO-CRITICAL **: 09:29:27.678: GFileInfo created without standard::size

(thunar:12730): GLib-GIO-CRITICAL **: 09:29:27.678: file ../../../gio/gfileinfo.c: line 1845 (g_file_info_get_size): should not be reached

(thunar:12730): GLib-GIO-CRITICAL **: 09:29:27.897: GFileInfo created without standard::size

(thunar:12730): GLib-GIO-CRITICAL **: 09:29:27.897: file ../../../gio/gfileinfo.c: line 1845 (g_file_info_get_size): should not be reached

(thunar:12730): GLib-GIO-CRITICAL **: 09:29:28.516: GFileInfo created without standard::size

(thunar:12730): GLib-GIO-CRITICAL **: 09:29:28.516: file ../../../gio/gfileinfo.c: line 1845 (g_file_info_get_size): should not be reached

(thunar:12730): GLib-GIO-CRITICAL **: 09:29:32.117: GFileInfo created without standard::size

(thunar:12730): GLib-GIO-CRITICAL **: 09:29:32.117: file ../../../gio/gfileinfo.c: line 1845 (g_file_info_get_size): should not be reached

(thunar:12730): GLib-GIO-CRITICAL **: 09:29:36.729: GFileInfo created without standard::size

(thunar:12730): GLib-GIO-CRITICAL **: 09:29:36.729: file ../../../gio/gfileinfo.c: line 1845 (g_file_info_get_size): should not be reached

(thunar:12730): GLib-GIO-CRITICAL **: 09:29:48.806: GFileInfo created without standard::size

(thunar:12730): GLib-GIO-CRITICAL **: 09:29:48.807: file ../../../gio/gfileinfo.c: line 1845 (g_file_info_get_size): should not be reached

(thunar:51192): GLib-GIO-CRITICAL **: 14:28:12.243: GFileInfo created without standard::size

(thunar:51192): GLib-GIO-CRITICAL **: 14:28:12.243: file ../../../gio/gfileinfo.c: line 1845 (g_file_info_get_size): should not be reached

(thunar:51192): GLib-GIO-CRITICAL **: 14:28:25.006: GFileInfo created without standard::size

(thunar:51192): GLib-GIO-CRITICAL **: 14:28:25.006: file ../../../gio/gfileinfo.c: line 1845 (g_file_info_get_size): should not be reached

(thunar:13968): GLib-GIO-CRITICAL **: 22:24:19.243: GFileInfo created without standard::size

(thunar:13968): GLib-GIO-CRITICAL **: 22:24:19.243: file ../../../gio/gfileinfo.c: line 1845 (g_file_info_get_size): should not be reached

(thunar:14433): GLib-GIO-CRITICAL **: 22:25:10.363: GFileInfo created without standard::size

(thunar:14433): GLib-GIO-CRITICAL **: 22:25:10.363: file ../../../gio/gfileinfo.c: line 1845 (g_file_info_get_size): should not be reached

(thunar:85783): GLib-GIO-CRITICAL **: 12:29:29.418: GFileInfo created without standard::size

(thunar:85783): GLib-GIO-CRITICAL **: 12:29:29.678: file ../../../gio/gfileinfo.c: line 1845 (g_file_info_get_size): should not be reached

(thunar:85783): GLib-GIO-CRITICAL **: 12:29:41.003: GFileInfo created without standard::size

(thunar:85783): GLib-GIO-CRITICAL **: 12:29:41.003: file ../../../gio/gfileinfo.c: line 1845 (g_file_info_get_size): should not be reached

(thunar:247302): GLib-GIO-CRITICAL **: 15:00:32.412: GFileInfo created without standard::size

(thunar:247302): GLib-GIO-CRITICAL **: 15:00:32.446: file ../../../gio/gfileinfo.c: line 1845 (g_file_info_get_size): should not be reached

(thunar:247302): GLib-GIO-CRITICAL **: 15:00:40.830: GFileInfo created without standard::size

(thunar:247302): GLib-GIO-CRITICAL **: 15:00:40.830: file ../../../gio/gfileinfo.c: line 1845 (g_file_info_get_size): should not be reached

(thunar:249926): GLib-GIO-CRITICAL **: 15:05:02.995: GFileInfo created without standard::size

(thunar:249926): GLib-GIO-CRITICAL **: 15:05:02.995: file ../../../gio/gfileinfo.c: line 1845 (g_file_info_get_size): should not be reached

(thunar:108426): GLib-GIO-CRITICAL **: 09:48:30.048: GFileInfo created without standard::size

(thunar:108426): GLib-GIO-CRITICAL **: 09:48:30.048: file ../../../gio/gfileinfo.c: line 1845 (g_file_info_get_size): should not be reached

** (xed:108510): WARNING **: 09:48:41.362: Error initializing Python Plugin Loader: PyGObject initialization failed
ImportError: could not import gobject (error was: ModuleNotFoundError("No module named 'gi'"))

** (xed:108510): WARNING **: 09:48:41.380: Please check the installation of all the Python related packages required by libpeas and try again

(xed:108510): libpeas-WARNING **: 09:48:41.380: Loader 'python3' is not a valid PeasPluginLoader instance

** (xed:108510): WARNING **: 09:48:41.485: Failed to load builtin plugin: Tamaño del texto

** (xed:108510): WARNING **: 09:48:41.486: Failed to load builtin plugin: Unir líneas

** (xed:108510): WARNING **: 09:48:41.486: Failed to load builtin plugin: Open URI

(xed:108510): Gtk-CRITICAL **: 09:53:28.289: gtk_distribute_natural_allocation: assertion 'extra_space >= 0' failed

(xed:108510): GLib-GIO-CRITICAL **: 09:54:04.695: GTask 0x5763a4666f20 (source object: 0x5763a51c9a70, source tag: (nil)) finalized without ever returning (using g_task_return_*()). This potentially indicates a bug in the program.

(thunar:111763): GLib-GIO-CRITICAL **: 09:55:25.510: GFileInfo created without standard::size

(thunar:111763): GLib-GIO-CRITICAL **: 09:55:25.510: file ../../../gio/gfileinfo.c: line 1845 (g_file_info_get_size): should not be reached

(thunar:111763): GLib-GIO-CRITICAL **: 09:55:43.778: GFileInfo created without standard::size

(thunar:111763): GLib-GIO-CRITICAL **: 09:55:43.778: file ../../../gio/gfileinfo.c: line 1845 (g_file_info_get_size): should not be reached

(thunar:111763): GLib-GIO-CRITICAL **: 09:56:10.605: GFileInfo created without standard::size

(thunar:111763): GLib-GIO-CRITICAL **: 09:56:10.605: file ../../../gio/gfileinfo.c: line 1845 (g_file_info_get_size): should not be reached

** (xed:112332): WARNING **: 09:56:35.857: Error initializing Python Plugin Loader: PyGObject initialization failed
ImportError: could not import gobject (error was: ModuleNotFoundError("No module named 'gi'"))

** (xed:112332): WARNING **: 09:56:35.857: Please check the installation of all the Python related packages required by libpeas and try again

(xed:112332): libpeas-WARNING **: 09:56:35.857: Loader 'python3' is not a valid PeasPluginLoader instance

** (xed:112332): WARNING **: 09:56:35.865: Failed to load builtin plugin: Tamaño del texto

** (xed:112332): WARNING **: 09:56:35.865: Failed to load builtin plugin: Unir líneas

** (xed:112332): WARNING **: 09:56:35.865: Failed to load builtin plugin: Open URI
ThunarThumbnailCache: failed to call Copy(): Se alcanzó el tiempo de expiración
ThunarThumbnailCache: failed to call Copy(): Se alcanzó el tiempo de expiración
ThunarThumbnailCache: failed to call Move(): Se alcanzó el tiempo de expiración
09:57:32.001 [info]  [MAIN] (BksConfig)        › Loading configs.
09:57:32.005 [debug] [MAIN] (BksConfig)        › Loading config default.config.ini.
09:57:32.005 [info]  [MAIN] (BksConfig)        › Copying bundled config default.config.ini to /home/d1killer/.config/beekeeper-studio/default.config.ini.
09:57:32.006 [warn]  [MAIN] (BksConfig)        › Skipping copy of default.config.ini. Permission denied or dest not writable: ENOENT: no such file or directory, access '/home/d1killer/.config/beekeeper-studio/default.config.ini'
09:57:32.095 [debug] [MAIN] (BksConfig)        › Successfully read config /tmp/.mount_BeekeeRVUvye/resources/default.config.ini.
09:57:32.106 [debug] [MAIN] (BksConfig)        › Loading config system.config.ini.
09:57:32.107 [warn]  [MAIN] (BksConfig)        › Failed loading system config. System config path not found: /etc/beekeeper-studio/system.config.ini
09:57:32.108 [debug] [MAIN] (BksConfig)        › Loading config deprecated.config.ini.
09:57:32.110 [debug] [MAIN] (BksConfig)        › Successfully read config /tmp/.mount_BeekeeRVUvye/resources/deprecated.config.ini.
09:57:32.110 [debug] [MAIN] (BksConfig)        › Loading config user.config.ini.
09:57:32.111 [info]  [MAIN] (BksConfig)        › Copying bundled config user.config.ini to /home/d1killer/.config/beekeeper-studio/user.config.ini.
09:57:32.112 [warn]  [MAIN] (BksConfig)        › Skipping copy of user.config.ini. Permission denied or dest not writable: ENOENT: no such file or directory, access '/home/d1killer/.config/beekeeper-studio/user.config.ini'
09:57:32.113 [error] [MAIN] (BksConfig)        › Failed reading config /home/d1killer/.config/beekeeper-studio/user.config.ini. {}
09:57:32.116 [warn]  [MAIN] (BksConfig)        › Failed loading user config. Ignoring. {}
09:57:32.118 [info]  [MAIN] (BksConfig)        › Configs successfully loaded with 0 warnings.
09:57:32.119 [info]  [MAIN] (BksConfig)        › Default config: {
  "general": {
    "checkForUpdatesInterval": 86400000,
    "checkForUpdatesDisabled": false,
    "dataSyncInterval": 30000,
    "workspaceSyncInterval": 5000,
    "downloadUserAgent": "Mozilla/5.0 (compatible; Beekeeper Studio) AppleWebKit/537.36 (KHTML, like Gecko) Chrome/131.0.0.0"
  },
  "security": {
    "disconnectOnSuspend": false,
    "disconnectOnLock": false,
    "disconnectOnIdle": false,
    "lockMode": "disabled",
    "idleThresholdSeconds": 300,
    "idleCheckIntervalSeconds": 30,
    "activityReportIntervalSeconds": 5,
    "activityEvents": [
      "mousedown",
      "keydown"
    ],
    "minPinLength": 6,
    "allowRuntimeExtensions": false
  },
  "azure": {
    "azSQLLoginScope": "https://ossrdbms-aad.database.windows.net",
    "ssoPrompt": "select_account"
  },
  "pluginSystem": {
    "disabled": true,
    "communityDisabled": true,
    "allow": [
      "bks-ai-shell",
      "bks-er-diagram"
    ]
  },
  "ui": {
    "general": {
      "binaryEncoding": "hex"
    },
    "layout": {
      "mainContentMinWidth": 200,
      "primarySidebarMinWidth": 150,
      "secondarySidebarMinWidth": 150
    },
    "queryEditor": {
      "maxResults": 50000,
      "defaultFormatter": "bk-default",
      "primaryQueryAction": "submitTabQuery",
      "secondaryQueryAction": "submitCurrentQuery"
    },
    "tableTable": {
      "pageSize": 100,
      "largeFieldWidth": 300,
      "maxColumnWidth": 1000,
      "minColumnWidth": 100,
      "maxInitialWidth": 500,
      "defaultColumnWidth": 125
    },
    "tableTriggers": {
      "maxColumnWidth": 300
    },
    "tableList": {
      "itemHeight": 22.8
    },
    "export": {
      "errorNoticeTimeout": 60000
    }
  },
  "db": {
    "default": {
      "allowSkipToLastPage": false,
      "maxReservedConnections": 2,
      "maxConnections": 8,
      "manualTransactionTimeout": 600000,
      "autoRollbackWarningWindow": 60000,
      "paramTypes": {
        "positional": true,
        "named": [],
        "numbered": [],
        "quoted": []
      }
    },
    "mysql": {
      "connectTimeout": 3600000,
      "allowSkipToLastPage": true,
      "maxConnections": 10,
      "maxReservedConnections": 2,
      "manualTransactionTimeout": 600000,
      "autoRollbackWarningWindow": 60000,
      "paramTypes": {
        "positional": true,
        "named": [],
        "numbered": [],
        "quoted": []
      }
    },
    "mariadb": {
      "connectTimeout": 3600000,
      "allowSkipToLastPage": true,
      "maxConnections": 10,
      "maxReservedConnections": 2,
      "manualTransactionTimeout": 600000,
      "autoRollbackWarningWindow": 60000,
      "paramTypes": {
        "positional": true,
        "named": [],
        "numbered": [],
        "quoted": []
      }
    },
    "tidb": {
      "allowSkipToLastPage": true,
      "maxReservedConnections": 2,
      "maxConnections": 8,
      "manualTransactionTimeout": 600000,
      "autoRollbackWarningWindow": 60000,
      "paramTypes": {
        "positional": true,
        "named": [],
        "numbered": [],
        "quoted": []
      }
    },
    "postgres": {
      "connectionTimeout": 15000,
      "idleTimeout": 20000,
      "allowSkipToLastPage": true,
      "paramTypes": {
        "positional": false,
        "numbered": [
          "$"
        ],
        "named": [],
        "quoted": []
      },
      "maxReservedConnections": 2,
      "maxConnections": 8,
      "manualTransactionTimeout": 600000,
      "autoRollbackWarningWindow": 60000
    },
    "greengage": {
      "connectionTimeout": 15000,
      "idleTimeout": 20000,
      "allowSkipToLastPage": true,
      "paramTypes": {
        "positional": false,
        "numbered": [
          "$"
        ],
        "named": [],
        "quoted": []
      },
      "maxReservedConnections": 2,
      "maxConnections": 8,
      "manualTransactionTimeout": 600000,
      "autoRollbackWarningWindow": 60000
    },
    "cockroachdb": {
      "connectionTimeout": 15000,
      "idleTimeout": 20000,
      "maxConnections": 5,
      "paramTypes": {
        "positional": false,
        "numbered": [
          "$"
        ],
        "named": [],
        "quoted": []
      },
      "allowSkipToLastPage": false,
      "maxReservedConnections": 2,
      "manualTransactionTimeout": 600000,
      "autoRollbackWarningWindow": 60000
    },
    "redshift": {
      "connectionTimeout": 15000,
      "idleTimeout": 20000,
      "maxConnections": 5,
      "paramTypes": {
        "positional": false,
        "numbered": [
          "$"
        ],
        "named": [],
        "quoted": []
      },
      "allowSkipToLastPage": false,
      "maxReservedConnections": 2,
      "manualTransactionTimeout": 600000,
      "autoRollbackWarningWindow": 60000
    },
    "sqlite": {
      "allowSkipToLastPage": true,
      "paramTypes": {
        "positional": true,
        "numbered": [
          "?"
        ],
        "named": [
          ":",
          "@"
        ],
        "quoted": []
      },
      "maxReservedConnections": 2,
      "maxConnections": 8,
      "manualTransactionTimeout": 600000,
      "autoRollbackWarningWindow": 60000
    },
    "bedrock": {
      "allowSkipToLastPage": true,
      "paramTypes": {
        "positional": true,
        "numbered": [
          "?"
        ],
        "named": [
          ":",
          "@"
        ],
        "quoted": []
      },
      "maxReservedConnections": 2,
      "maxConnections": 8,
      "manualTransactionTimeout": 600000,
      "autoRollbackWarningWindow": 60000
    },
    "sqlserver": {
      "allowSkipToLastPage": false,
      "maxConnections": 10,
      "paramTypes": {
        "positional": false,
        "named": [
          ":"
        ],
        "numbered": [],
        "quoted": []
      },
      "maxReservedConnections": 2,
      "manualTransactionTimeout": 600000,
      "autoRollbackWarningWindow": 60000
    },
    "bigquery": {
      "allowSkipToLastPage": false,
      "paramTypes": {
        "positional": true,
        "named": [
          "@"
        ],
        "quoted": [
          "@"
        ],
        "numbered": []
      },
      "maxReservedConnections": 2,
      "maxConnections": 8,
      "manualTransactionTimeout": 600000,
      "autoRollbackWarningWindow": 60000
    },
    "oracle": {
      "allowSkipToLastPage": false,
      "maxConnections": 4,
      "maxReservedConnections": 2,
      "manualTransactionTimeout": 600000,
      "autoRollbackWarningWindow": 60000,
      "paramTypes": {
        "positional": true,
        "named": [],
        "numbered": [],
        "quoted": []
      }
    },
    "cassandra": {
      "allowSkipToLastPage": false,
      "maxReservedConnections": 2,
      "maxConnections": 8,
      "manualTransactionTimeout": 600000,
      "autoRollbackWarningWindow": 60000,
      "paramTypes": {
        "positional": true,
        "named": [],
        "numbered": [],
        "quoted": []
      }
    },
    "firebird": {
      "allowSkipToLastPage": false,
      "maxReservedConnections": 2,
      "maxConnections": 8,
      "manualTransactionTimeout": 600000,
      "autoRollbackWarningWindow": 60000,
      "paramTypes": {
        "positional": true,
        "named": [],
        "numbered": [],
        "quoted": []
      }
    },
    "clickhouse": {
      "allowSkipToLastPage": false,
      "maxReservedConnections": 2,
      "maxConnections": 8,
      "manualTransactionTimeout": 600000,
      "autoRollbackWarningWindow": 60000,
      "paramTypes": {
        "positional": true,
        "named": [],
        "numbered": [],
        "quoted": []
      }
    },
    "mongodb": {
      "allowSkipToLastPage": false,
      "maxReservedConnections": 2,
      "maxConnections": 8,
      "manualTransactionTimeout": 600000,
      "autoRollbackWarningWindow": 60000,
      "paramTypes": {
        "positional": true,
        "named": [],
        "numbered": [],
        "quoted": []
      }
    },
    "duckdb": {
      "allowSkipToLastPage": false,
      "maxReservedConnections": 2,
      "maxConnections": 8,
      "manualTransactionTimeout": 600000,
      "autoRollbackWarningWindow": 60000,
      "paramTypes": {
        "positional": true,
        "named": [],
        "numbered": [],
        "quoted": []
      }
    },
    "sqlanywhere": {
      "allowSkipToLastPage": false,
      "maxReservedConnections": 2,
      "maxConnections": 8,
      "manualTransactionTimeout": 600000,
      "autoRollbackWarningWindow": 60000,
      "paramTypes": {
        "positional": true,
        "named": [],
        "numbered": [],
        "quoted": []
      }
    },
    "trino": {
      "allowSkipToLastPage": false,
      "maxReservedConnections": 2,
      "maxConnections": 8,
      "manualTransactionTimeout": 600000,
      "autoRollbackWarningWindow": 60000,
      "paramTypes": {
        "positional": true,
        "named": [],
        "numbered": [],
        "quoted": []
      }
    },
    "surrealdb": {
      "connectionTimeout": 15000,
      "allowSkipToLastPage": false,
      "maxReservedConnections": 2,
      "maxConnections": 8,
      "manualTransactionTimeout": 600000,
      "autoRollbackWarningWindow": 60000,
      "paramTypes": {
        "positional": true,
        "named": [],
        "numbered": [],
        "quoted": []
      }
    },
    "dynamodb": {
      "allowSkipToLastPage": false,
      "cursorFetchTimeout": 30000,
      "columnSampleSize": 50,
      "maxReservedConnections": 2,
      "maxConnections": 8,
      "manualTransactionTimeout": 600000,
      "autoRollbackWarningWindow": 60000,
      "paramTypes": {
        "positional": true,
        "named": [],
        "numbered": [],
        "quoted": []
      }
    },
    "scylladb": {
      "allowSkipToLastPage": false,
      "maxReservedConnections": 2,
      "maxConnections": 8,
      "manualTransactionTimeout": 600000,
      "autoRollbackWarningWindow": 60000,
      "paramTypes": {
        "positional": true,
        "named": [],
        "numbered": [],
        "quoted": []
      }
    },
    "libsql": {
      "allowSkipToLastPage": false,
      "maxReservedConnections": 2,
      "maxConnections": 8,
      "manualTransactionTimeout": 600000,
      "autoRollbackWarningWindow": 60000,
      "paramTypes": {
        "positional": true,
        "named": [],
        "numbered": [],
        "quoted": []
      }
    },
    "redis": {
      "allowSkipToLastPage": false,
      "maxReservedConnections": 2,
      "maxConnections": 8,
      "manualTransactionTimeout": 600000,
      "autoRollbackWarningWindow": 60000,
      "paramTypes": {
        "positional": true,
        "named": [],
        "numbered": [],
        "quoted": []
      }
    }
  },
  "keybindings": {
    "general": {
      "refresh": [
        "f5",
        "ctrlOrCmd+r"
      ],
      "addRow": "ctrlOrCmd+n",
      "save": "ctrlOrCmd+s",
      "openInSqlEditor": "ctrlOrCmd+shift+s",
      "openQuickSearch": "ctrlOrCmd+p",
      "jsonViewerSidebar": "",
      "copySelection": "ctrlOrCmd+c",
      "pasteSelection": "ctrlOrCmd+v",
      "cloneSelection": "ctrlOrCmd+d",
      "deleteSelection": "delete",
      "undo": "ctrlOrCmd+z",
      "redo": [
        "ctrlOrCmd+shift+z",
        "ctrlOrCmd+y"
      ]
    },
    "tab": {
      "closeTab": "ctrlOrCmd+w",
      "forceCloseTab": "ctrlOrCmd+shift+w",
      "nextTab": [
        "ctrl+tab",
        "ctrlOrCmd+pagedown"
      ],
      "previousTab": [
        "ctrl+shift+tab",
        "ctrlOrCmd+pageup"
      ],
      "reopenLastClosedTab": "ctrlOrCmd+shift+t",
      "switchTab1": "alt+1",
      "switchTab2": "alt+2",
      "switchTab3": "alt+3",
      "switchTab4": "alt+4",
      "switchTab5": "alt+5",
      "switchTab6": "alt+6",
      "switchTab7": "alt+7",
      "switchTab8": "alt+8",
      "switchTab9": "alt+9"
    },
    "quickSearch": {
      "focusSearch": [
        "ctrlOrCmd+k",
        "ctrlOrCmd+o"
      ],
      "close": "esc",
      "selectUp": [
        "up",
        "ctrlOrCmd+p"
      ],
      "selectDown": [
        "down",
        "ctrlOrCmd+n"
      ],
      "open": "enter",
      "altOpen": "ctrlOrCmd+enter",
      "openInBackground": "right",
      "altOpenInBackground": "ctrlOrCmd+right"
    },
    "queryEditor": {
      "selectEditor": "ctrlOrCmd+l",
      "primaryQueryAction": [
        "ctrlOrCmd+enter",
        "f5"
      ],
      "secondaryQueryAction": [
        "ctrlOrCmd+shift+enter",
        "shift+f5"
      ],
      "primaryQueryToFileAction": "ctrlOrCmd+i",
      "secondaryQueryToFileAction": "ctrlOrCmd+shift+i",
      "selectNextResult": "shift+up",
      "selectPreviousResult": "shift+down",
      "copyResultSelection": "ctrlOrCmd+c",
      "switchPaneFocus": "ctrlOrCmd+`",
      "openTableFilter": "ctrlOrCmd+f",
      "closeTableFilter": "esc",
      "manualCommit": "ctrlOrCmd+shift+c",
      "manualRollback": "ctrlOrCmd+shift+r"
    },
    "resultTable": {
      "openEditorModal": "shift+enter"
    },
    "tableTable": {
      "nextPage": "ctrlOrCmd+right",
      "previousPage": "ctrlOrCmd+left",
      "focusOnFilterInput": "ctrlOrCmd+f",
      "openEditorModal": "shift+enter",
      "firstPage": "ctrlOrCmd+h",
      "lastPage": "ctrlOrCmd+l"
    }
  },
  "plugins": {
    "bks-ai-shell": {
      "disabled": false
    },
    "bks-er-diagram": {
      "disabled": false
    }
  }
}
09:57:32.120 [info]  [MAIN] (BksConfig)        › System config: {}
09:57:32.121 [info]  [MAIN] (BksConfig)        › User config: {}
09:57:32.416 [info]  [MAIN]                            › initializing background
LD_LIBRARY_PATH /tmp/.mount_BeekeeRVUvye/usr/lib:
running migrations
MESA-INTEL: warning: Ivy Bridge Vulkan support is incomplete
libva error: /usr/lib/x86_64-linux-gnu/dri/iHD_drv_video.so init failed
09:57:42.984 [warn]  [UTILITY] (BksConfig)        › Skipping copy of default.config.ini. Permission denied or dest not writable: ENOENT: no such file or directory, access '/home/d1killer/.config/beekeeper-studio/default.config.ini'
09:57:43.118 [warn]  [UTILITY] (BksConfig)        › Failed loading system config. System config path not found: /etc/beekeeper-studio/system.config.ini
09:57:43.119 [warn]  [UTILITY] (BksConfig)        › Skipping copy of user.config.ini. Permission denied or dest not writable: ENOENT: no such file or directory, access '/home/d1killer/.config/beekeeper-studio/user.config.ini'
09:57:43.120 [error] [UTILITY] (BksConfig)        › Failed reading config /home/d1killer/.config/beekeeper-studio/user.config.ini. {}
09:57:43.122 [warn]  [UTILITY] (BksConfig)        › Failed loading user config. Ignoring. {}
[112677:0629/095743.233691:ERROR:content/common/zygote/zygote_communication_linux.cc:293] Failed to send GetTerminationStatus message to zygote

(thunar:113353): GLib-GIO-CRITICAL **: 09:58:18.453: GFileInfo created without standard::size

(thunar:113353): GLib-GIO-CRITICAL **: 09:58:18.453: file ../../../gio/gfileinfo.c: line 1845 (g_file_info_get_size): should not be reached
09:58:27.965 [info]  [MAIN] (BksConfig)        › Loading configs.
09:58:27.969 [debug] [MAIN] (BksConfig)        › Loading config default.config.ini.
09:58:27.969 [info]  [MAIN] (BksConfig)        › Copying bundled config default.config.ini to /home/d1killer/.config/beekeeper-studio/default.config.ini.
09:58:27.970 [warn]  [MAIN] (BksConfig)        › Skipping copy of default.config.ini. Permission denied or dest not writable: ENOENT: no such file or directory, access '/home/d1killer/.config/beekeeper-studio/default.config.ini'
09:58:27.982 [debug] [MAIN] (BksConfig)        › Successfully read config /tmp/.mount_BeekeeL2pCQ5/resources/default.config.ini.
09:58:27.989 [debug] [MAIN] (BksConfig)        › Loading config system.config.ini.
09:58:27.990 [warn]  [MAIN] (BksConfig)        › Failed loading system config. System config path not found: /etc/beekeeper-studio/system.config.ini
09:58:27.990 [debug] [MAIN] (BksConfig)        › Loading config deprecated.config.ini.
09:58:27.991 [debug] [MAIN] (BksConfig)        › Successfully read config /tmp/.mount_BeekeeL2pCQ5/resources/deprecated.config.ini.
09:58:27.991 [debug] [MAIN] (BksConfig)        › Loading config user.config.ini.
09:58:27.992 [info]  [MAIN] (BksConfig)        › Copying bundled config user.config.ini to /home/d1killer/.config/beekeeper-studio/user.config.ini.
09:58:27.992 [warn]  [MAIN] (BksConfig)        › Skipping copy of user.config.ini. Permission denied or dest not writable: ENOENT: no such file or directory, access '/home/d1killer/.config/beekeeper-studio/user.config.ini'
09:58:27.992 [error] [MAIN] (BksConfig)        › Failed reading config /home/d1killer/.config/beekeeper-studio/user.config.ini. {}
09:58:27.994 [warn]  [MAIN] (BksConfig)        › Failed loading user config. Ignoring. {}
09:58:27.995 [info]  [MAIN] (BksConfig)        › Configs successfully loaded with 0 warnings.
09:58:27.996 [info]  [MAIN] (BksConfig)        › Default config: {
  "general": {
    "checkForUpdatesInterval": 86400000,
    "checkForUpdatesDisabled": false,
    "dataSyncInterval": 30000,
    "workspaceSyncInterval": 5000,
    "downloadUserAgent": "Mozilla/5.0 (compatible; Beekeeper Studio) AppleWebKit/537.36 (KHTML, like Gecko) Chrome/131.0.0.0"
  },
  "security": {
    "disconnectOnSuspend": false,
    "disconnectOnLock": false,
    "disconnectOnIdle": false,
    "lockMode": "disabled",
    "idleThresholdSeconds": 300,
    "idleCheckIntervalSeconds": 30,
    "activityReportIntervalSeconds": 5,
    "activityEvents": [
      "mousedown",
      "keydown"
    ],
    "minPinLength": 6,
    "allowRuntimeExtensions": false
  },
  "azure": {
    "azSQLLoginScope": "https://ossrdbms-aad.database.windows.net",
    "ssoPrompt": "select_account"
  },
  "pluginSystem": {
    "disabled": true,
    "communityDisabled": true,
    "allow": [
      "bks-ai-shell",
      "bks-er-diagram"
    ]
  },
  "ui": {
    "general": {
      "binaryEncoding": "hex"
    },
    "layout": {
      "mainContentMinWidth": 200,
      "primarySidebarMinWidth": 150,
      "secondarySidebarMinWidth": 150
    },
    "queryEditor": {
      "maxResults": 50000,
      "defaultFormatter": "bk-default",
      "primaryQueryAction": "submitTabQuery",
      "secondaryQueryAction": "submitCurrentQuery"
    },
    "tableTable": {
      "pageSize": 100,
      "largeFieldWidth": 300,
      "maxColumnWidth": 1000,
      "minColumnWidth": 100,
      "maxInitialWidth": 500,
      "defaultColumnWidth": 125
    },
    "tableTriggers": {
      "maxColumnWidth": 300
    },
    "tableList": {
      "itemHeight": 22.8
    },
    "export": {
      "errorNoticeTimeout": 60000
    }
  },
  "db": {
    "default": {
      "allowSkipToLastPage": false,
      "maxReservedConnections": 2,
      "maxConnections": 8,
      "manualTransactionTimeout": 600000,
      "autoRollbackWarningWindow": 60000,
      "paramTypes": {
        "positional": true,
        "named": [],
        "numbered": [],
        "quoted": []
      }
    },
    "mysql": {
      "connectTimeout": 3600000,
      "allowSkipToLastPage": true,
      "maxConnections": 10,
      "maxReservedConnections": 2,
      "manualTransactionTimeout": 600000,
      "autoRollbackWarningWindow": 60000,
      "paramTypes": {
        "positional": true,
        "named": [],
        "numbered": [],
        "quoted": []
      }
    },
    "mariadb": {
      "connectTimeout": 3600000,
      "allowSkipToLastPage": true,
      "maxConnections": 10,
      "maxReservedConnections": 2,
      "manualTransactionTimeout": 600000,
      "autoRollbackWarningWindow": 60000,
      "paramTypes": {
        "positional": true,
        "named": [],
        "numbered": [],
        "quoted": []
      }
    },
    "tidb": {
      "allowSkipToLastPage": true,
      "maxReservedConnections": 2,
      "maxConnections": 8,
      "manualTransactionTimeout": 600000,
      "autoRollbackWarningWindow": 60000,
      "paramTypes": {
        "positional": true,
        "named": [],
        "numbered": [],
        "quoted": []
      }
    },
    "postgres": {
      "connectionTimeout": 15000,
      "idleTimeout": 20000,
      "allowSkipToLastPage": true,
      "paramTypes": {
        "positional": false,
        "numbered": [
          "$"
        ],
        "named": [],
        "quoted": []
      },
      "maxReservedConnections": 2,
      "maxConnections": 8,
      "manualTransactionTimeout": 600000,
      "autoRollbackWarningWindow": 60000
    },
    "greengage": {
      "connectionTimeout": 15000,
      "idleTimeout": 20000,
      "allowSkipToLastPage": true,
      "paramTypes": {
        "positional": false,
        "numbered": [
          "$"
        ],
        "named": [],
        "quoted": []
      },
      "maxReservedConnections": 2,
      "maxConnections": 8,
      "manualTransactionTimeout": 600000,
      "autoRollbackWarningWindow": 60000
    },
    "cockroachdb": {
      "connectionTimeout": 15000,
      "idleTimeout": 20000,
      "maxConnections": 5,
      "paramTypes": {
        "positional": false,
        "numbered": [
          "$"
        ],
        "named": [],
        "quoted": []
      },
      "allowSkipToLastPage": false,
      "maxReservedConnections": 2,
      "manualTransactionTimeout": 600000,
      "autoRollbackWarningWindow": 60000
    },
    "redshift": {
      "connectionTimeout": 15000,
      "idleTimeout": 20000,
      "maxConnections": 5,
      "paramTypes": {
        "positional": false,
        "numbered": [
          "$"
        ],
        "named": [],
        "quoted": []
      },
      "allowSkipToLastPage": false,
      "maxReservedConnections": 2,
      "manualTransactionTimeout": 600000,
      "autoRollbackWarningWindow": 60000
    },
    "sqlite": {
      "allowSkipToLastPage": true,
      "paramTypes": {
        "positional": true,
        "numbered": [
          "?"
        ],
        "named": [
          ":",
          "@"
        ],
        "quoted": []
      },
      "maxReservedConnections": 2,
      "maxConnections": 8,
      "manualTransactionTimeout": 600000,
      "autoRollbackWarningWindow": 60000
    },
    "bedrock": {
      "allowSkipToLastPage": true,
      "paramTypes": {
        "positional": true,
        "numbered": [
          "?"
        ],
        "named": [
          ":",
          "@"
        ],
        "quoted": []
      },
      "maxReservedConnections": 2,
      "maxConnections": 8,
      "manualTransactionTimeout": 600000,
      "autoRollbackWarningWindow": 60000
    },
    "sqlserver": {
      "allowSkipToLastPage": false,
      "maxConnections": 10,
      "paramTypes": {
        "positional": false,
        "named": [
          ":"
        ],
        "numbered": [],
        "quoted": []
      },
      "maxReservedConnections": 2,
      "manualTransactionTimeout": 600000,
      "autoRollbackWarningWindow": 60000
    },
    "bigquery": {
      "allowSkipToLastPage": false,
      "paramTypes": {
        "positional": true,
        "named": [
          "@"
        ],
        "quoted": [
          "@"
        ],
        "numbered": []
      },
      "maxReservedConnections": 2,
      "maxConnections": 8,
      "manualTransactionTimeout": 600000,
      "autoRollbackWarningWindow": 60000
    },
    "oracle": {
      "allowSkipToLastPage": false,
      "maxConnections": 4,
      "maxReservedConnections": 2,
      "manualTransactionTimeout": 600000,
      "autoRollbackWarningWindow": 60000,
      "paramTypes": {
        "positional": true,
        "named": [],
        "numbered": [],
        "quoted": []
      }
    },
    "cassandra": {
      "allowSkipToLastPage": false,
      "maxReservedConnections": 2,
      "maxConnections": 8,
      "manualTransactionTimeout": 600000,
      "autoRollbackWarningWindow": 60000,
      "paramTypes": {
        "positional": true,
        "named": [],
        "numbered": [],
        "quoted": []
      }
    },
    "firebird": {
      "allowSkipToLastPage": false,
      "maxReservedConnections": 2,
      "maxConnections": 8,
      "manualTransactionTimeout": 600000,
      "autoRollbackWarningWindow": 60000,
      "paramTypes": {
        "positional": true,
        "named": [],
        "numbered": [],
        "quoted": []
      }
    },
    "clickhouse": {
      "allowSkipToLastPage": false,
      "maxReservedConnections": 2,
      "maxConnections": 8,
      "manualTransactionTimeout": 600000,
      "autoRollbackWarningWindow": 60000,
      "paramTypes": {
        "positional": true,
        "named": [],
        "numbered": [],
        "quoted": []
      }
    },
    "mongodb": {
      "allowSkipToLastPage": false,
      "maxReservedConnections": 2,
      "maxConnections": 8,
      "manualTransactionTimeout": 600000,
      "autoRollbackWarningWindow": 60000,
      "paramTypes": {
        "positional": true,
        "named": [],
        "numbered": [],
        "quoted": []
      }
    },
    "duckdb": {
      "allowSkipToLastPage": false,
      "maxReservedConnections": 2,
      "maxConnections": 8,
      "manualTransactionTimeout": 600000,
      "autoRollbackWarningWindow": 60000,
      "paramTypes": {
        "positional": true,
        "named": [],
        "numbered": [],
        "quoted": []
      }
    },
    "sqlanywhere": {
      "allowSkipToLastPage": false,
      "maxReservedConnections": 2,
      "maxConnections": 8,
      "manualTransactionTimeout": 600000,
      "autoRollbackWarningWindow": 60000,
      "paramTypes": {
        "positional": true,
        "named": [],
        "numbered": [],
        "quoted": []
      }
    },
    "trino": {
      "allowSkipToLastPage": false,
      "maxReservedConnections": 2,
      "maxConnections": 8,
      "manualTransactionTimeout": 600000,
      "autoRollbackWarningWindow": 60000,
      "paramTypes": {
        "positional": true,
        "named": [],
        "numbered": [],
        "quoted": []
      }
    },
    "surrealdb": {
      "connectionTimeout": 15000,
      "allowSkipToLastPage": false,
      "maxReservedConnections": 2,
      "maxConnections": 8,
      "manualTransactionTimeout": 600000,
      "autoRollbackWarningWindow": 60000,
      "paramTypes": {
        "positional": true,
        "named": [],
        "numbered": [],
        "quoted": []
      }
    },
    "dynamodb": {
      "allowSkipToLastPage": false,
      "cursorFetchTimeout": 30000,
      "columnSampleSize": 50,
      "maxReservedConnections": 2,
      "maxConnections": 8,
      "manualTransactionTimeout": 600000,
      "autoRollbackWarningWindow": 60000,
      "paramTypes": {
        "positional": true,
        "named": [],
        "numbered": [],
        "quoted": []
      }
    },
    "scylladb": {
      "allowSkipToLastPage": false,
      "maxReservedConnections": 2,
      "maxConnections": 8,
      "manualTransactionTimeout": 600000,
      "autoRollbackWarningWindow": 60000,
      "paramTypes": {
        "positional": true,
        "named": [],
        "numbered": [],
        "quoted": []
      }
    },
    "libsql": {
      "allowSkipToLastPage": false,
      "maxReservedConnections": 2,
      "maxConnections": 8,
      "manualTransactionTimeout": 600000,
      "autoRollbackWarningWindow": 60000,
      "paramTypes": {
        "positional": true,
        "named": [],
        "numbered": [],
        "quoted": []
      }
    },
    "redis": {
      "allowSkipToLastPage": false,
      "maxReservedConnections": 2,
      "maxConnections": 8,
      "manualTransactionTimeout": 600000,
      "autoRollbackWarningWindow": 60000,
      "paramTypes": {
        "positional": true,
        "named": [],
        "numbered": [],
        "quoted": []
      }
    }
  },
  "keybindings": {
    "general": {
      "refresh": [
        "f5",
        "ctrlOrCmd+r"
      ],
      "addRow": "ctrlOrCmd+n",
      "save": "ctrlOrCmd+s",
      "openInSqlEditor": "ctrlOrCmd+shift+s",
      "openQuickSearch": "ctrlOrCmd+p",
      "jsonViewerSidebar": "",
      "copySelection": "ctrlOrCmd+c",
      "pasteSelection": "ctrlOrCmd+v",
      "cloneSelection": "ctrlOrCmd+d",
      "deleteSelection": "delete",
      "undo": "ctrlOrCmd+z",
      "redo": [
        "ctrlOrCmd+shift+z",
        "ctrlOrCmd+y"
      ]
    },
    "tab": {
      "closeTab": "ctrlOrCmd+w",
      "forceCloseTab": "ctrlOrCmd+shift+w",
      "nextTab": [
        "ctrl+tab",
        "ctrlOrCmd+pagedown"
      ],
      "previousTab": [
        "ctrl+shift+tab",
        "ctrlOrCmd+pageup"
      ],
      "reopenLastClosedTab": "ctrlOrCmd+shift+t",
      "switchTab1": "alt+1",
      "switchTab2": "alt+2",
      "switchTab3": "alt+3",
      "switchTab4": "alt+4",
      "switchTab5": "alt+5",
      "switchTab6": "alt+6",
      "switchTab7": "alt+7",
      "switchTab8": "alt+8",
      "switchTab9": "alt+9"
    },
    "quickSearch": {
      "focusSearch": [
        "ctrlOrCmd+k",
        "ctrlOrCmd+o"
      ],
      "close": "esc",
      "selectUp": [
        "up",
        "ctrlOrCmd+p"
      ],
      "selectDown": [
        "down",
        "ctrlOrCmd+n"
      ],
      "open": "enter",
      "altOpen": "ctrlOrCmd+enter",
      "openInBackground": "right",
      "altOpenInBackground": "ctrlOrCmd+right"
    },
    "queryEditor": {
      "selectEditor": "ctrlOrCmd+l",
      "primaryQueryAction": [
        "ctrlOrCmd+enter",
        "f5"
      ],
      "secondaryQueryAction": [
        "ctrlOrCmd+shift+enter",
        "shift+f5"
      ],
      "primaryQueryToFileAction": "ctrlOrCmd+i",
      "secondaryQueryToFileAction": "ctrlOrCmd+shift+i",
      "selectNextResult": "shift+up",
      "selectPreviousResult": "shift+down",
      "copyResultSelection": "ctrlOrCmd+c",
      "switchPaneFocus": "ctrlOrCmd+`",
      "openTableFilter": "ctrlOrCmd+f",
      "closeTableFilter": "esc",
      "manualCommit": "ctrlOrCmd+shift+c",
      "manualRollback": "ctrlOrCmd+shift+r"
    },
    "resultTable": {
      "openEditorModal": "shift+enter"
    },
    "tableTable": {
      "nextPage": "ctrlOrCmd+right",
      "previousPage": "ctrlOrCmd+left",
      "focusOnFilterInput": "ctrlOrCmd+f",
      "openEditorModal": "shift+enter",
      "firstPage": "ctrlOrCmd+h",
      "lastPage": "ctrlOrCmd+l"
    }
  },
  "plugins": {
    "bks-ai-shell": {
      "disabled": false
    },
    "bks-er-diagram": {
      "disabled": false
    }
  }
}
09:58:27.996 [info]  [MAIN] (BksConfig)        › System config: {}
09:58:27.996 [info]  [MAIN] (BksConfig)        › User config: {}
09:58:28.148 [info]  [MAIN]                            › initializing background
09:58:28.429 [info]  [MAIN] (BksConfig)        › Loading configs.
09:58:28.433 [debug] [MAIN] (BksConfig)        › Loading config default.config.ini.
09:58:28.433 [info]  [MAIN] (BksConfig)        › Copying bundled config default.config.ini to /home/d1killer/.config/beekeeper-studio/default.config.ini.
09:58:28.434 [warn]  [MAIN] (BksConfig)        › Skipping copy of default.config.ini. Permission denied or dest not writable: ENOENT: no such file or directory, access '/home/d1killer/.config/beekeeper-studio/default.config.ini'
09:58:28.445 [debug] [MAIN] (BksConfig)        › Successfully read config /tmp/.mount_Beekee3TR0pC/resources/default.config.ini.
09:58:28.452 [debug] [MAIN] (BksConfig)        › Loading config system.config.ini.
09:58:28.453 [warn]  [MAIN] (BksConfig)        › Failed loading system config. System config path not found: /etc/beekeeper-studio/system.config.ini
09:58:28.453 [debug] [MAIN] (BksConfig)        › Loading config deprecated.config.ini.
09:58:28.455 [debug] [MAIN] (BksConfig)        › Successfully read config /tmp/.mount_Beekee3TR0pC/resources/deprecated.config.ini.
09:58:28.455 [debug] [MAIN] (BksConfig)        › Loading config user.config.ini.
09:58:28.455 [info]  [MAIN] (BksConfig)        › Copying bundled config user.config.ini to /home/d1killer/.config/beekeeper-studio/user.config.ini.
09:58:28.456 [warn]  [MAIN] (BksConfig)        › Skipping copy of user.config.ini. Permission denied or dest not writable: ENOENT: no such file or directory, access '/home/d1killer/.config/beekeeper-studio/user.config.ini'
09:58:28.456 [error] [MAIN] (BksConfig)        › Failed reading config /home/d1killer/.config/beekeeper-studio/user.config.ini. {}
09:58:28.458 [warn]  [MAIN] (BksConfig)        › Failed loading user config. Ignoring. {}
09:58:28.460 [info]  [MAIN] (BksConfig)        › Configs successfully loaded with 0 warnings.
09:58:28.460 [info]  [MAIN] (BksConfig)        › Default config: {
  "general": {
    "checkForUpdatesInterval": 86400000,
    "checkForUpdatesDisabled": false,
    "dataSyncInterval": 30000,
    "workspaceSyncInterval": 5000,
    "downloadUserAgent": "Mozilla/5.0 (compatible; Beekeeper Studio) AppleWebKit/537.36 (KHTML, like Gecko) Chrome/131.0.0.0"
  },
  "security": {
    "disconnectOnSuspend": false,
    "disconnectOnLock": false,
    "disconnectOnIdle": false,
    "lockMode": "disabled",
    "idleThresholdSeconds": 300,
    "idleCheckIntervalSeconds": 30,
    "activityReportIntervalSeconds": 5,
    "activityEvents": [
      "mousedown",
      "keydown"
    ],
    "minPinLength": 6,
    "allowRuntimeExtensions": false
  },
  "azure": {
    "azSQLLoginScope": "https://ossrdbms-aad.database.windows.net",
    "ssoPrompt": "select_account"
  },
  "pluginSystem": {
    "disabled": true,
    "communityDisabled": true,
    "allow": [
      "bks-ai-shell",
      "bks-er-diagram"
    ]
  },
  "ui": {
    "general": {
      "binaryEncoding": "hex"
    },
    "layout": {
      "mainContentMinWidth": 200,
      "primarySidebarMinWidth": 150,
      "secondarySidebarMinWidth": 150
    },
    "queryEditor": {
      "maxResults": 50000,
      "defaultFormatter": "bk-default",
      "primaryQueryAction": "submitTabQuery",
      "secondaryQueryAction": "submitCurrentQuery"
    },
    "tableTable": {
      "pageSize": 100,
      "largeFieldWidth": 300,
      "maxColumnWidth": 1000,
      "minColumnWidth": 100,
      "maxInitialWidth": 500,
      "defaultColumnWidth": 125
    },
    "tableTriggers": {
      "maxColumnWidth": 300
    },
    "tableList": {
      "itemHeight": 22.8
    },
    "export": {
      "errorNoticeTimeout": 60000
    }
  },
  "db": {
    "default": {
      "allowSkipToLastPage": false,
      "maxReservedConnections": 2,
      "maxConnections": 8,
      "manualTransactionTimeout": 600000,
      "autoRollbackWarningWindow": 60000,
      "paramTypes": {
        "positional": true,
        "named": [],
        "numbered": [],
        "quoted": []
      }
    },
    "mysql": {
      "connectTimeout": 3600000,
      "allowSkipToLastPage": true,
      "maxConnections": 10,
      "maxReservedConnections": 2,
      "manualTransactionTimeout": 600000,
      "autoRollbackWarningWindow": 60000,
      "paramTypes": {
        "positional": true,
        "named": [],
        "numbered": [],
        "quoted": []
      }
    },
    "mariadb": {
      "connectTimeout": 3600000,
      "allowSkipToLastPage": true,
      "maxConnections": 10,
      "maxReservedConnections": 2,
      "manualTransactionTimeout": 600000,
      "autoRollbackWarningWindow": 60000,
      "paramTypes": {
        "positional": true,
        "named": [],
        "numbered": [],
        "quoted": []
      }
    },
    "tidb": {
      "allowSkipToLastPage": true,
      "maxReservedConnections": 2,
      "maxConnections": 8,
      "manualTransactionTimeout": 600000,
      "autoRollbackWarningWindow": 60000,
      "paramTypes": {
        "positional": true,
        "named": [],
        "numbered": [],
        "quoted": []
      }
    },
    "postgres": {
      "connectionTimeout": 15000,
      "idleTimeout": 20000,
      "allowSkipToLastPage": true,
      "paramTypes": {
        "positional": false,
        "numbered": [
          "$"
        ],
        "named": [],
        "quoted": []
      },
      "maxReservedConnections": 2,
      "maxConnections": 8,
      "manualTransactionTimeout": 600000,
      "autoRollbackWarningWindow": 60000
    },
    "greengage": {
      "connectionTimeout": 15000,
      "idleTimeout": 20000,
      "allowSkipToLastPage": true,
      "paramTypes": {
        "positional": false,
        "numbered": [
          "$"
        ],
        "named": [],
        "quoted": []
      },
      "maxReservedConnections": 2,
      "maxConnections": 8,
      "manualTransactionTimeout": 600000,
      "autoRollbackWarningWindow": 60000
    },
    "cockroachdb": {
      "connectionTimeout": 15000,
      "idleTimeout": 20000,
      "maxConnections": 5,
      "paramTypes": {
        "positional": false,
        "numbered": [
          "$"
        ],
        "named": [],
        "quoted": []
      },
      "allowSkipToLastPage": false,
      "maxReservedConnections": 2,
      "manualTransactionTimeout": 600000,
      "autoRollbackWarningWindow": 60000
    },
    "redshift": {
      "connectionTimeout": 15000,
      "idleTimeout": 20000,
      "maxConnections": 5,
      "paramTypes": {
        "positional": false,
        "numbered": [
          "$"
        ],
        "named": [],
        "quoted": []
      },
      "allowSkipToLastPage": false,
      "maxReservedConnections": 2,
      "manualTransactionTimeout": 600000,
      "autoRollbackWarningWindow": 60000
    },
    "sqlite": {
      "allowSkipToLastPage": true,
      "paramTypes": {
        "positional": true,
        "numbered": [
          "?"
        ],
        "named": [
          ":",
          "@"
        ],
        "quoted": []
      },
      "maxReservedConnections": 2,
      "maxConnections": 8,
      "manualTransactionTimeout": 600000,
      "autoRollbackWarningWindow": 60000
    },
    "bedrock": {
      "allowSkipToLastPage": true,
      "paramTypes": {
        "positional": true,
        "numbered": [
          "?"
        ],
        "named": [
          ":",
          "@"
        ],
        "quoted": []
      },
      "maxReservedConnections": 2,
      "maxConnections": 8,
      "manualTransactionTimeout": 600000,
      "autoRollbackWarningWindow": 60000
    },
    "sqlserver": {
      "allowSkipToLastPage": false,
      "maxConnections": 10,
      "paramTypes": {
        "positional": false,
        "named": [
          ":"
        ],
        "numbered": [],
        "quoted": []
      },
      "maxReservedConnections": 2,
      "manualTransactionTimeout": 600000,
      "autoRollbackWarningWindow": 60000
    },
    "bigquery": {
      "allowSkipToLastPage": false,
      "paramTypes": {
        "positional": true,
        "named": [
          "@"
        ],
        "quoted": [
          "@"
        ],
        "numbered": []
      },
      "maxReservedConnections": 2,
      "maxConnections": 8,
      "manualTransactionTimeout": 600000,
      "autoRollbackWarningWindow": 60000
    },
    "oracle": {
      "allowSkipToLastPage": false,
      "maxConnections": 4,
      "maxReservedConnections": 2,
      "manualTransactionTimeout": 600000,
      "autoRollbackWarningWindow": 60000,
      "paramTypes": {
        "positional": true,
        "named": [],
        "numbered": [],
        "quoted": []
      }
    },
    "cassandra": {
      "allowSkipToLastPage": false,
      "maxReservedConnections": 2,
      "maxConnections": 8,
      "manualTransactionTimeout": 600000,
      "autoRollbackWarningWindow": 60000,
      "paramTypes": {
        "positional": true,
        "named": [],
        "numbered": [],
        "quoted": []
      }
    },
    "firebird": {
      "allowSkipToLastPage": false,
      "maxReservedConnections": 2,
      "maxConnections": 8,
      "manualTransactionTimeout": 600000,
      "autoRollbackWarningWindow": 60000,
      "paramTypes": {
        "positional": true,
        "named": [],
        "numbered": [],
        "quoted": []
      }
    },
    "clickhouse": {
      "allowSkipToLastPage": false,
      "maxReservedConnections": 2,
      "maxConnections": 8,
      "manualTransactionTimeout": 600000,
      "autoRollbackWarningWindow": 60000,
      "paramTypes": {
        "positional": true,
        "named": [],
        "numbered": [],
        "quoted": []
      }
    },
    "mongodb": {
      "allowSkipToLastPage": false,
      "maxReservedConnections": 2,
      "maxConnections": 8,
      "manualTransactionTimeout": 600000,
      "autoRollbackWarningWindow": 60000,
      "paramTypes": {
        "positional": true,
        "named": [],
        "numbered": [],
        "quoted": []
      }
    },
    "duckdb": {
      "allowSkipToLastPage": false,
      "maxReservedConnections": 2,
      "maxConnections": 8,
      "manualTransactionTimeout": 600000,
      "autoRollbackWarningWindow": 60000,
      "paramTypes": {
        "positional": true,
        "named": [],
        "numbered": [],
        "quoted": []
      }
    },
    "sqlanywhere": {
      "allowSkipToLastPage": false,
      "maxReservedConnections": 2,
      "maxConnections": 8,
      "manualTransactionTimeout": 600000,
      "autoRollbackWarningWindow": 60000,
      "paramTypes": {
        "positional": true,
        "named": [],
        "numbered": [],
        "quoted": []
      }
    },
    "trino": {
      "allowSkipToLastPage": false,
      "maxReservedConnections": 2,
      "maxConnections": 8,
      "manualTransactionTimeout": 600000,
      "autoRollbackWarningWindow": 60000,
      "paramTypes": {
        "positional": true,
        "named": [],
        "numbered": [],
        "quoted": []
      }
    },
    "surrealdb": {
      "connectionTimeout": 15000,
      "allowSkipToLastPage": false,
      "maxReservedConnections": 2,
      "maxConnections": 8,
      "manualTransactionTimeout": 600000,
      "autoRollbackWarningWindow": 60000,
      "paramTypes": {
        "positional": true,
        "named": [],
        "numbered": [],
        "quoted": []
      }
    },
    "dynamodb": {
      "allowSkipToLastPage": false,
      "cursorFetchTimeout": 30000,
      "columnSampleSize": 50,
      "maxReservedConnections": 2,
      "maxConnections": 8,
      "manualTransactionTimeout": 600000,
      "autoRollbackWarningWindow": 60000,
      "paramTypes": {
        "positional": true,
        "named": [],
        "numbered": [],
        "quoted": []
      }
    },
    "scylladb": {
      "allowSkipToLastPage": false,
      "maxReservedConnections": 2,
      "maxConnections": 8,
      "manualTransactionTimeout": 600000,
      "autoRollbackWarningWindow": 60000,
      "paramTypes": {
        "positional": true,
        "named": [],
        "numbered": [],
        "quoted": []
      }
    },
    "libsql": {
      "allowSkipToLastPage": false,
      "maxReservedConnections": 2,
      "maxConnections": 8,
      "manualTransactionTimeout": 600000,
      "autoRollbackWarningWindow": 60000,
      "paramTypes": {
        "positional": true,
        "named": [],
        "numbered": [],
        "quoted": []
      }
    },
    "redis": {
      "allowSkipToLastPage": false,
      "maxReservedConnections": 2,
      "maxConnections": 8,
      "manualTransactionTimeout": 600000,
      "autoRollbackWarningWindow": 60000,
      "paramTypes": {
        "positional": true,
        "named": [],
        "numbered": [],
        "quoted": []
      }
    }
  },
  "keybindings": {
    "general": {
      "refresh": [
        "f5",
        "ctrlOrCmd+r"
      ],
      "addRow": "ctrlOrCmd+n",
      "save": "ctrlOrCmd+s",
      "openInSqlEditor": "ctrlOrCmd+shift+s",
      "openQuickSearch": "ctrlOrCmd+p",
      "jsonViewerSidebar": "",
      "copySelection": "ctrlOrCmd+c",
      "pasteSelection": "ctrlOrCmd+v",
      "cloneSelection": "ctrlOrCmd+d",
      "deleteSelection": "delete",
      "undo": "ctrlOrCmd+z",
      "redo": [
        "ctrlOrCmd+shift+z",
        "ctrlOrCmd+y"
      ]
    },
    "tab": {
      "closeTab": "ctrlOrCmd+w",
      "forceCloseTab": "ctrlOrCmd+shift+w",
      "nextTab": [
        "ctrl+tab",
        "ctrlOrCmd+pagedown"
      ],
      "previousTab": [
        "ctrl+shift+tab",
        "ctrlOrCmd+pageup"
      ],
      "reopenLastClosedTab": "ctrlOrCmd+shift+t",
      "switchTab1": "alt+1",
      "switchTab2": "alt+2",
      "switchTab3": "alt+3",
      "switchTab4": "alt+4",
      "switchTab5": "alt+5",
      "switchTab6": "alt+6",
      "switchTab7": "alt+7",
      "switchTab8": "alt+8",
      "switchTab9": "alt+9"
    },
    "quickSearch": {
      "focusSearch": [
        "ctrlOrCmd+k",
        "ctrlOrCmd+o"
      ],
      "close": "esc",
      "selectUp": [
        "up",
        "ctrlOrCmd+p"
      ],
      "selectDown": [
        "down",
        "ctrlOrCmd+n"
      ],
      "open": "enter",
      "altOpen": "ctrlOrCmd+enter",
      "openInBackground": "right",
      "altOpenInBackground": "ctrlOrCmd+right"
    },
    "queryEditor": {
      "selectEditor": "ctrlOrCmd+l",
      "primaryQueryAction": [
        "ctrlOrCmd+enter",
        "f5"
      ],
      "secondaryQueryAction": [
        "ctrlOrCmd+shift+enter",
        "shift+f5"
      ],
      "primaryQueryToFileAction": "ctrlOrCmd+i",
      "secondaryQueryToFileAction": "ctrlOrCmd+shift+i",
      "selectNextResult": "shift+up",
      "selectPreviousResult": "shift+down",
      "copyResultSelection": "ctrlOrCmd+c",
      "switchPaneFocus": "ctrlOrCmd+`",
      "openTableFilter": "ctrlOrCmd+f",
      "closeTableFilter": "esc",
      "manualCommit": "ctrlOrCmd+shift+c",
      "manualRollback": "ctrlOrCmd+shift+r"
    },
    "resultTable": {
      "openEditorModal": "shift+enter"
    },
    "tableTable": {
      "nextPage": "ctrlOrCmd+right",
      "previousPage": "ctrlOrCmd+left",
      "focusOnFilterInput": "ctrlOrCmd+f",
      "openEditorModal": "shift+enter",
      "firstPage": "ctrlOrCmd+h",
      "lastPage": "ctrlOrCmd+l"
    }
  },
  "plugins": {
    "bks-ai-shell": {
      "disabled": false
    },
    "bks-er-diagram": {
      "disabled": false
    }
  }
}
09:58:28.461 [info]  [MAIN] (BksConfig)        › System config: {}
09:58:28.461 [info]  [MAIN] (BksConfig)        › User config: {}
09:58:28.627 [info]  [MAIN]                            › initializing background
MESA-INTEL: warning: Ivy Bridge Vulkan support is incomplete
LD_LIBRARY_PATH /tmp/.mount_BeekeeL2pCQ5/usr/lib:
running migrations
libva error: /usr/lib/x86_64-linux-gnu/dri/iHD_drv_video.so init failed
MESA-INTEL: warning: Ivy Bridge Vulkan support is incomplete
libva error: /usr/lib/x86_64-linux-gnu/dri/iHD_drv_video.so init failed
LD_LIBRARY_PATH /tmp/.mount_Beekee3TR0pC/usr/lib:
running migrations
09:58:31.431 [warn]  [UTILITY] (BksConfig)        › Skipping copy of default.config.ini. Permission denied or dest not writable: ENOENT: no such file or directory, access '/home/d1killer/.config/beekeeper-studio/default.config.ini'
09:58:31.487 [warn]  [UTILITY] (BksConfig)        › Failed loading system config. System config path not found: /etc/beekeeper-studio/system.config.ini
09:58:31.488 [warn]  [UTILITY] (BksConfig)        › Skipping copy of user.config.ini. Permission denied or dest not writable: ENOENT: no such file or directory, access '/home/d1killer/.config/beekeeper-studio/user.config.ini'
09:58:31.489 [error] [UTILITY] (BksConfig)        › Failed reading config /home/d1killer/.config/beekeeper-studio/user.config.ini. {}
09:58:31.491 [warn]  [UTILITY] (BksConfig)        › Failed loading user config. Ignoring. {}
09:58:31.883 [warn]  [UTILITY] (BksConfig)        › Skipping copy of default.config.ini. Permission denied or dest not writable: ENOENT: no such file or directory, access '/home/d1killer/.config/beekeeper-studio/default.config.ini'
09:58:31.900 [warn]  [UTILITY] (BksConfig)        › Failed loading system config. System config path not found: /etc/beekeeper-studio/system.config.ini
09:58:31.901 [warn]  [UTILITY] (BksConfig)        › Skipping copy of user.config.ini. Permission denied or dest not writable: ENOENT: no such file or directory, access '/home/d1killer/.config/beekeeper-studio/user.config.ini'
09:58:31.902 [error] [UTILITY] (BksConfig)        › Failed reading config /home/d1killer/.config/beekeeper-studio/user.config.ini. {}
09:58:31.903 [warn]  [UTILITY] (BksConfig)        › Failed loading user config. Ignoring. {}
(node:113601) [DEP0040] DeprecationWarning: The `punycode` module is deprecated. Please use a userland alternative instead.
(Use `exe --trace-deprecation ...` to show where the warning was created)
(node:113532) [DEP0040] DeprecationWarning: The `punycode` module is deprecated. Please use a userland alternative instead.
(Use `exe --trace-deprecation ...` to show where the warning was created)
PRELOAD PATH: /tmp/.mount_BeekeeL2pCQ5/resources/app.asar/dist/preload.js
PRELOAD PATH: /tmp/.mount_Beekee3TR0pC/resources/app.asar/dist/preload.js
09:58:42.779 [error] [UTILITY] (PluginManager)            › Failed to check for updates for plugin "bks-ai-shell" {}
09:58:42.778 [error] [UTILITY] (PluginManager)            › Failed to check for updates for plugin "bks-ai-shell" {}
09:58:42.780 [error] [UTILITY] (PluginManager)            › Failed to check for updates for plugin "bks-er-diagram" {}
09:58:42.781 [error] [UTILITY] (PluginManager)            › Failed to check for updates for plugin "bks-er-diagram" {}
09:58:50.581 [error] [MAIN] (WindowBuilder)            › INITIALIZE ERROR {}
09:59:28.676 [error] [UTILITY] (UtilityProcess)           › HANDLER: ERROR whichTool failed (code 1)
STDERR: 
STDOUT: 
09:59:28.677 [error] [RENDERER] (renderer/utilityconnection)› GOT ERROR BACK FOR REQUEST ID:  859fa67c-7fc7-42f1-b713-5102d2eec937
09:59:28.690 [error] [UTILITY] (UtilityProcess)           › HANDLER: ERROR whichTool failed (code 1)
STDERR: 
STDOUT: 
09:59:28.691 [error] [RENDERER] (renderer/utilityconnection)› GOT ERROR BACK FOR REQUEST ID:  15df070b-e121-4c87-8da2-dbd2d7aa947b
09:59:30.193 [warn]  [RENDERER] (json-viewer)               › Unable to find editable path `abonado_a` in value object.
09:59:30.194 [warn]  [RENDERER] (json-viewer)               › Unable to find editable path `abonado_b` in value object.
09:59:30.194 [warn]  [RENDERER] (json-viewer)               › Unable to find editable path `imei_a` in value object.
09:59:30.195 [warn]  [RENDERER] (json-viewer)               › Unable to find editable path `imei_b` in value object.
09:59:30.195 [warn]  [RENDERER] (json-viewer)               › Unable to find editable path `tipo_transaccion` in value object.
09:59:30.195 [warn]  [RENDERER] (json-viewer)               › Unable to find editable path `time` in value object.
09:59:30.196 [warn]  [RENDERER] (json-viewer)               › Unable to find editable path `hora` in value object.
09:59:30.196 [warn]  [RENDERER] (json-viewer)               › Unable to find editable path `fecha` in value object.
09:59:30.196 [warn]  [RENDERER] (json-viewer)               › Unable to find editable path `direccion_a` in value object.
09:59:30.197 [warn]  [RENDERER] (json-viewer)               › Unable to find editable path `coordenadas_a` in value object.
09:59:30.197 [warn]  [RENDERER] (json-viewer)               › Unable to find editable path `archivo` in value object.
09:59:30.197 [warn]  [RENDERER] (json-viewer)               › Unable to find editable path `peso` in value object.
09:59:30.197 [warn]  [RENDERER] (json-viewer)               › Unable to find editable path `created_at` in value object.
09:59:30.197 [warn]  [RENDERER] (json-viewer)               › Unable to find editable path `bts_celda_a` in value object.
09:59:30.198 [warn]  [RENDERER] (json-viewer)               › Unable to find editable path `bts_celda_b` in value object.
09:59:30.198 [warn]  [RENDERER] (json-viewer)               › Unable to find editable path `direccion_b` in value object.
09:59:30.198 [warn]  [RENDERER] (json-viewer)               › Unable to find editable path `coordenadas_b` in value object.
09:59:30.198 [warn]  [RENDERER] (json-viewer)               › Unable to find editable path `orientacion_a` in value object.
09:59:30.198 [warn]  [RENDERER] (json-viewer)               › Unable to find editable path `orientacion_b` in value object.
10:00:36.593 [warn]  [RENDERER] (json-viewer)               › Unable to find editable path `abonado_a` in value object.
10:00:36.594 [warn]  [RENDERER] (json-viewer)               › Unable to find editable path `abonado_b` in value object.
10:00:36.594 [warn]  [RENDERER] (json-viewer)               › Unable to find editable path `imei_a` in value object.
10:00:36.595 [warn]  [RENDERER] (json-viewer)               › Unable to find editable path `imei_b` in value object.
10:00:36.595 [warn]  [RENDERER] (json-viewer)               › Unable to find editable path `tipo_transaccion` in value object.
10:00:36.595 [warn]  [RENDERER] (json-viewer)               › Unable to find editable path `time` in value object.
10:00:36.596 [warn]  [RENDERER] (json-viewer)               › Unable to find editable path `hora` in value object.
10:00:36.596 [warn]  [RENDERER] (json-viewer)               › Unable to find editable path `fecha` in value object.
10:00:36.596 [warn]  [RENDERER] (json-viewer)               › Unable to find editable path `direccion_a` in value object.
10:00:36.597 [warn]  [RENDERER] (json-viewer)               › Unable to find editable path `coordenadas_a` in value object.
10:00:36.597 [warn]  [RENDERER] (json-viewer)               › Unable to find editable path `archivo` in value object.
10:00:36.597 [warn]  [RENDERER] (json-viewer)               › Unable to find editable path `peso` in value object.
10:00:36.598 [warn]  [RENDERER] (json-viewer)               › Unable to find editable path `created_at` in value object.
10:00:36.598 [warn]  [RENDERER] (json-viewer)               › Unable to find editable path `bts_celda_a` in value object.
10:00:36.598 [warn]  [RENDERER] (json-viewer)               › Unable to find editable path `bts_celda_b` in value object.
10:00:36.599 [warn]  [RENDERER] (json-viewer)               › Unable to find editable path `direccion_b` in value object.
10:00:36.599 [warn]  [RENDERER] (json-viewer)               › Unable to find editable path `coordenadas_b` in value object.
10:00:36.600 [warn]  [RENDERER] (json-viewer)               › Unable to find editable path `orientacion_a` in value object.
10:00:36.600 [warn]  [RENDERER] (json-viewer)               › Unable to find editable path `orientacion_b` in value object.
[113428:0629/100157.674599:ERROR:content/common/zygote/zygote_communication_linux.cc:293] Failed to send GetTerminationStatus message to zygote
[113428:0629/100157.685034:ERROR:content/browser/network_service_instance_impl.cc:613] Network service crashed, restarting service.
[113428:0629/100157.713603:ERROR:content/browser/gpu/gpu_process_host.cc:993] GPU process launch failed: error_code=1002
[113428:0629/100157.719812:ERROR:content/browser/gpu/gpu_process_host.cc:993] GPU process launch failed: error_code=1002
[113428:0629/100157.732566:ERROR:content/browser/gpu/gpu_process_host.cc:993] GPU process launch failed: error_code=1002
[113428:0629/100157.736835:ERROR:content/browser/gpu/gpu_process_host.cc:993] GPU process launch failed: error_code=1002
[113428:0629/100157.738435:ERROR:content/browser/gpu/gpu_process_host.cc:993] GPU process launch failed: error_code=1002
[113428:0629/100157.739828:ERROR:content/browser/gpu/gpu_process_host.cc:993] GPU process launch failed: error_code=1002
[113428:0629/100157.741314:ERROR:content/browser/gpu/gpu_process_host.cc:993] GPU process launch failed: error_code=1002
[113428:0629/100157.742015:ERROR:content/browser/gpu/gpu_process_host.cc:993] GPU process launch failed: error_code=1002
[113428:0629/100157.742585:ERROR:content/browser/gpu/gpu_process_host.cc:993] GPU process launch failed: error_code=1002
[113428:0629/100157.742601:FATAL:content/browser/gpu/gpu_data_manager_impl_private.cc:415] GPU process isn't usable. Goodbye.

(thunar:20782): GLib-GIO-CRITICAL **: 18:45:37.898: GFileInfo created without standard::size

(thunar:20782): GLib-GIO-CRITICAL **: 18:45:37.939: file ../../../gio/gfileinfo.c: line 1845 (g_file_info_get_size): should not be reached

(thunar:20782): GLib-GIO-CRITICAL **: 18:45:55.663: GFileInfo created without standard::size

(thunar:20782): GLib-GIO-CRITICAL **: 18:45:55.663: file ../../../gio/gfileinfo.c: line 1845 (g_file_info_get_size): should not be reached
